2025-04-29 16:28:50 [restartedMain] INFO  o.s.boot.SpringApplication - 

  ____   ___  ____  _____
 / ___| / _ \| ___||_   _|
 \___ \| | | | |__   | |
  ___) | |_| | |     | |
 |____/ \___/| |     |_|


2025-04-29 16:28:50 [background-preinit] INFO  o.h.validator.internal.util.Version - HV000001: Hibernate Validator 8.0.2.Final
2025-04-29 16:28:50 [restartedMain] INFO  com.web.soft.SoftCoreApplication - Starting SoftCoreApplication using Java 20.0.2 with PID 1346 (/Users/hariduddukunta/MyWork/Workspace/GitHub/soft_core/soft_core_service/build/classes/java/main started by hariduddukunta in /Users/hariduddukunta/MyWork/Workspace/GitHub/soft_core/soft_core_service)
2025-04-29 16:28:50 [restartedMain] INFO  com.web.soft.SoftCoreApplication - The following 1 profile is active: "dev"
2025-04-29 16:28:50 [restartedMain] INFO  o.s.b.d.e.DevToolsPropertyDefaultsPostProcessor - Devtools property defaults active! Set 'spring.devtools.add-properties' to 'false' to disable
2025-04-29 16:28:50 [restartedMain] INFO  o.s.b.d.e.DevToolsPropertyDefaultsPostProcessor - For additional web related logging consider setting the 'logging.level.web' property to 'DEBUG'
2025-04-29 16:28:51 [restartedMain] INFO  o.s.b.w.e.tomcat.TomcatWebServer - Tomcat initialized with port 8081 (http)
2025-04-29 16:28:51 [restartedMain] INFO  o.a.coyote.http11.Http11NioProtocol - Initializing ProtocolHandler ["http-nio-8081"]
2025-04-29 16:28:51 [restartedMain] INFO  o.a.catalina.core.StandardService - Starting service [Tomcat]
2025-04-29 16:28:51 [restartedMain] INFO  o.a.catalina.core.StandardEngine - Starting Servlet engine: [Apache Tomcat/10.1.39]
2025-04-29 16:28:51 [restartedMain] INFO  o.a.c.c.C.[Tomcat].[localhost].[/] - Initializing Spring embedded WebApplicationContext
2025-04-29 16:28:51 [restartedMain] INFO  o.s.b.w.s.c.ServletWebServerApplicationContext - Root WebApplicationContext: initialization completed in 740 ms
2025-04-29 16:28:51 [restartedMain] INFO  o.s.b.d.a.OptionalLiveReloadServer - LiveReload server is running on port 35729
2025-04-29 16:28:51 [restartedMain] INFO  o.s.b.a.e.web.EndpointLinksResolver - Exposing 1 endpoint beneath base path '/actuator'
2025-04-29 16:28:51 [restartedMain] INFO  o.a.coyote.http11.Http11NioProtocol - Starting ProtocolHandler ["http-nio-8081"]
2025-04-29 16:28:51 [restartedMain] INFO  o.s.b.w.e.tomcat.TomcatWebServer - Tomcat started on port 8081 (http) with context path '/'
2025-04-29 16:28:51 [restartedMain] INFO  com.web.soft.SoftCoreApplication - Started SoftCoreApplication in 1.521 seconds (process running for 2.341)
2025-04-29 16:28:52 [RMI TCP Connection(4)-127.0.0.1] INFO  o.a.c.c.C.[Tomcat].[localhost].[/] - Initializing Spring DispatcherServlet 'dispatcherServlet'
2025-04-29 16:28:52 [RMI TCP Connection(4)-127.0.0.1] INFO  o.s.web.servlet.DispatcherServlet - Initializing Servlet 'dispatcherServlet'
2025-04-29 16:28:52 [RMI TCP Connection(4)-127.0.0.1] INFO  o.s.web.servlet.DispatcherServlet - Completed initialization in 1 ms
2025-04-29 16:32:35 [File Watcher] INFO  o.s.b.d.a.LocalDevToolsAutoConfiguration$RestartingClassPathChangeChangedEventListener - Restarting due to 8 class path changes (0 additions, 0 deletions, 8 modifications)
2025-04-29 16:32:35 [Thread-5] INFO  o.s.b.w.e.tomcat.GracefulShutdown - Commencing graceful shutdown. Waiting for active requests to complete
2025-04-29 16:32:35 [tomcat-shutdown] INFO  o.a.coyote.http11.Http11NioProtocol - Pausing ProtocolHandler ["http-nio-8081"]
2025-04-29 16:32:35 [tomcat-shutdown] INFO  o.s.b.w.e.tomcat.GracefulShutdown - Graceful shutdown complete
2025-04-29 16:32:35 [Thread-5] INFO  o.a.coyote.http11.Http11NioProtocol - Stopping ProtocolHandler ["http-nio-8081"]
2025-04-29 16:32:35 [restartedMain] INFO  o.s.boot.SpringApplication - 

  ____   ___  ____  _____
 / ___| / _ \| ___||_   _|
 \___ \| | | | |__   | |
  ___) | |_| | |     | |
 |____/ \___/| |     |_|


2025-04-29 16:32:35 [restartedMain] INFO  com.web.soft.SoftCoreApplication - Starting SoftCoreApplication using Java 20.0.2 with PID 1346 (/Users/hariduddukunta/MyWork/Workspace/GitHub/soft_core/soft_core_service/build/classes/java/main started by hariduddukunta in /Users/hariduddukunta/MyWork/Workspace/GitHub/soft_core/soft_core_service)
2025-04-29 16:32:35 [restartedMain] INFO  com.web.soft.SoftCoreApplication - The following 1 profile is active: "dev"
2025-04-29 16:32:35 [restartedMain] INFO  o.s.b.w.e.tomcat.TomcatWebServer - Tomcat initialized with port 8081 (http)
2025-04-29 16:32:35 [restartedMain] INFO  o.a.coyote.http11.Http11NioProtocol - Initializing ProtocolHandler ["http-nio-8081"]
2025-04-29 16:32:35 [restartedMain] INFO  o.a.catalina.core.StandardService - Starting service [Tomcat]
2025-04-29 16:32:35 [restartedMain] INFO  o.a.catalina.core.StandardEngine - Starting Servlet engine: [Apache Tomcat/10.1.39]
2025-04-29 16:32:35 [restartedMain] INFO  o.a.c.c.C.[Tomcat].[localhost].[/] - Initializing Spring embedded WebApplicationContext
2025-04-29 16:32:35 [restartedMain] INFO  o.s.b.w.s.c.ServletWebServerApplicationContext - Root WebApplicationContext: initialization completed in 192 ms
2025-04-29 16:32:35 [restartedMain] INFO  o.s.b.d.a.OptionalLiveReloadServer - LiveReload server is running on port 35729
2025-04-29 16:32:35 [restartedMain] INFO  o.s.b.a.e.web.EndpointLinksResolver - Exposing 1 endpoint beneath base path '/actuator'
2025-04-29 16:32:35 [restartedMain] INFO  o.a.coyote.http11.Http11NioProtocol - Starting ProtocolHandler ["http-nio-8081"]
2025-04-29 16:32:35 [restartedMain] INFO  o.s.b.w.e.tomcat.TomcatWebServer - Tomcat started on port 8081 (http) with context path '/'
2025-04-29 16:32:35 [restartedMain] INFO  com.web.soft.SoftCoreApplication - Started SoftCoreApplication in 0.326 seconds (process running for 226.358)
2025-04-29 16:32:35 [restartedMain] INFO  o.s.b.d.a.ConditionEvaluationDeltaLoggingListener - Condition evaluation unchanged
2025-04-29 16:33:00 [File Watcher] INFO  o.s.b.d.a.LocalDevToolsAutoConfiguration$RestartingClassPathChangeChangedEventListener - Restarting due to 8 class path changes (0 additions, 0 deletions, 8 modifications)
2025-04-29 16:33:00 [Thread-7] INFO  o.s.b.w.e.tomcat.GracefulShutdown - Commencing graceful shutdown. Waiting for active requests to complete
2025-04-29 16:33:00 [tomcat-shutdown] INFO  o.a.coyote.http11.Http11NioProtocol - Pausing ProtocolHandler ["http-nio-8081"]
2025-04-29 16:33:00 [tomcat-shutdown] INFO  o.s.b.w.e.tomcat.GracefulShutdown - Graceful shutdown complete
2025-04-29 16:33:00 [Thread-7] INFO  o.a.coyote.http11.Http11NioProtocol - Stopping ProtocolHandler ["http-nio-8081"]
2025-04-29 16:33:00 [restartedMain] INFO  o.s.boot.SpringApplication - 

  ____   ___  ____  _____
 / ___| / _ \| ___||_   _|
 \___ \| | | | |__   | |
  ___) | |_| | |     | |
 |____/ \___/| |     |_|


2025-04-29 16:33:00 [restartedMain] INFO  com.web.soft.SoftCoreApplication - Starting SoftCoreApplication using Java 20.0.2 with PID 1346 (/Users/hariduddukunta/MyWork/Workspace/GitHub/soft_core/soft_core_service/build/classes/java/main started by hariduddukunta in /Users/hariduddukunta/MyWork/Workspace/GitHub/soft_core/soft_core_service)
2025-04-29 16:33:00 [restartedMain] INFO  com.web.soft.SoftCoreApplication - The following 1 profile is active: "dev"
2025-04-29 16:33:00 [restartedMain] INFO  o.s.b.w.e.tomcat.TomcatWebServer - Tomcat initialized with port 8081 (http)
2025-04-29 16:33:00 [restartedMain] INFO  o.a.coyote.http11.Http11NioProtocol - Initializing ProtocolHandler ["http-nio-8081"]
2025-04-29 16:33:00 [restartedMain] INFO  o.a.catalina.core.StandardService - Starting service [Tomcat]
2025-04-29 16:33:00 [restartedMain] INFO  o.a.catalina.core.StandardEngine - Starting Servlet engine: [Apache Tomcat/10.1.39]
2025-04-29 16:33:00 [restartedMain] INFO  o.a.c.c.C.[Tomcat].[localhost].[/] - Initializing Spring embedded WebApplicationContext
2025-04-29 16:33:00 [restartedMain] INFO  o.s.b.w.s.c.ServletWebServerApplicationContext - Root WebApplicationContext: initialization completed in 164 ms
2025-04-29 16:33:00 [restartedMain] INFO  o.s.b.d.a.OptionalLiveReloadServer - LiveReload server is running on port 35729
2025-04-29 16:33:00 [restartedMain] INFO  o.s.b.a.e.web.EndpointLinksResolver - Exposing 1 endpoint beneath base path '/actuator'
2025-04-29 16:33:00 [restartedMain] INFO  o.a.coyote.http11.Http11NioProtocol - Starting ProtocolHandler ["http-nio-8081"]
2025-04-29 16:33:00 [restartedMain] INFO  o.s.b.w.e.tomcat.TomcatWebServer - Tomcat started on port 8081 (http) with context path '/'
2025-04-29 16:33:00 [restartedMain] INFO  com.web.soft.SoftCoreApplication - Started SoftCoreApplication in 0.295 seconds (process running for 251.325)
2025-04-29 16:33:00 [restartedMain] INFO  o.s.b.d.a.ConditionEvaluationDeltaLoggingListener - Condition evaluation unchanged
2025-04-29 16:33:22 [File Watcher] INFO  o.s.b.d.a.LocalDevToolsAutoConfiguration$RestartingClassPathChangeChangedEventListener - Restarting due to 8 class path changes (0 additions, 0 deletions, 8 modifications)
2025-04-29 16:33:22 [Thread-11] INFO  o.s.b.w.e.tomcat.GracefulShutdown - Commencing graceful shutdown. Waiting for active requests to complete
2025-04-29 16:33:22 [tomcat-shutdown] INFO  o.a.coyote.http11.Http11NioProtocol - Pausing ProtocolHandler ["http-nio-8081"]
2025-04-29 16:33:22 [tomcat-shutdown] INFO  o.s.b.w.e.tomcat.GracefulShutdown - Graceful shutdown complete
2025-04-29 16:33:22 [Thread-11] INFO  o.a.coyote.http11.Http11NioProtocol - Stopping ProtocolHandler ["http-nio-8081"]
2025-04-29 16:33:22 [restartedMain] INFO  o.s.boot.SpringApplication - 

  ____   ___  ____  _____
 / ___| / _ \| ___||_   _|
 \___ \| | | | |__   | |
  ___) | |_| | |     | |
 |____/ \___/| |     |_|


2025-04-29 16:33:22 [restartedMain] INFO  com.web.soft.SoftCoreApplication - Starting SoftCoreApplication using Java 20.0.2 with PID 1346 (/Users/hariduddukunta/MyWork/Workspace/GitHub/soft_core/soft_core_service/build/classes/java/main started by hariduddukunta in /Users/hariduddukunta/MyWork/Workspace/GitHub/soft_core/soft_core_service)
2025-04-29 16:33:22 [restartedMain] INFO  com.web.soft.SoftCoreApplication - The following 1 profile is active: "dev"
2025-04-29 16:33:22 [restartedMain] INFO  o.s.b.w.e.tomcat.TomcatWebServer - Tomcat initialized with port 8081 (http)
2025-04-29 16:33:22 [restartedMain] INFO  o.a.coyote.http11.Http11NioProtocol - Initializing ProtocolHandler ["http-nio-8081"]
2025-04-29 16:33:22 [restartedMain] INFO  o.a.catalina.core.StandardService - Starting service [Tomcat]
2025-04-29 16:33:22 [restartedMain] INFO  o.a.catalina.core.StandardEngine - Starting Servlet engine: [Apache Tomcat/10.1.39]
2025-04-29 16:33:22 [restartedMain] INFO  o.a.c.c.C.[Tomcat].[localhost].[/] - Initializing Spring embedded WebApplicationContext
2025-04-29 16:33:22 [restartedMain] INFO  o.s.b.w.s.c.ServletWebServerApplicationContext - Root WebApplicationContext: initialization completed in 172 ms
2025-04-29 16:33:22 [restartedMain] INFO  o.s.b.d.a.OptionalLiveReloadServer - LiveReload server is running on port 35729
2025-04-29 16:33:22 [restartedMain] INFO  o.s.b.a.e.web.EndpointLinksResolver - Exposing 1 endpoint beneath base path '/actuator'
2025-04-29 16:33:22 [restartedMain] INFO  o.a.coyote.http11.Http11NioProtocol - Starting ProtocolHandler ["http-nio-8081"]
2025-04-29 16:33:22 [restartedMain] INFO  o.s.b.w.e.tomcat.TomcatWebServer - Tomcat started on port 8081 (http) with context path '/'
2025-04-29 16:33:22 [restartedMain] INFO  com.web.soft.SoftCoreApplication - Started SoftCoreApplication in 0.303 seconds (process running for 273.284)
2025-04-29 16:33:22 [restartedMain] INFO  o.s.b.d.a.ConditionEvaluationDeltaLoggingListener - Condition evaluation unchanged
2025-04-29 16:34:03 [File Watcher] INFO  o.s.b.d.a.LocalDevToolsAutoConfiguration$RestartingClassPathChangeChangedEventListener - Restarting due to 8 class path changes (0 additions, 0 deletions, 8 modifications)
2025-04-29 16:34:03 [Thread-15] INFO  o.s.b.w.e.tomcat.GracefulShutdown - Commencing graceful shutdown. Waiting for active requests to complete
2025-04-29 16:34:03 [tomcat-shutdown] INFO  o.a.coyote.http11.Http11NioProtocol - Pausing ProtocolHandler ["http-nio-8081"]
2025-04-29 16:34:03 [tomcat-shutdown] INFO  o.s.b.w.e.tomcat.GracefulShutdown - Graceful shutdown complete
2025-04-29 16:34:03 [Thread-15] INFO  o.a.coyote.http11.Http11NioProtocol - Stopping ProtocolHandler ["http-nio-8081"]
2025-04-29 16:34:03 [restartedMain] INFO  o.s.boot.SpringApplication - 

  ____   ___  ____  _____
 / ___| / _ \| ___||_   _|
 \___ \| | | | |__   | |
  ___) | |_| | |     | |
 |____/ \___/| |     |_|


2025-04-29 16:34:03 [restartedMain] INFO  com.web.soft.SoftCoreApplication - Starting SoftCoreApplication using Java 20.0.2 with PID 1346 (/Users/hariduddukunta/MyWork/Workspace/GitHub/soft_core/soft_core_service/build/classes/java/main started by hariduddukunta in /Users/hariduddukunta/MyWork/Workspace/GitHub/soft_core/soft_core_service)
2025-04-29 16:34:03 [restartedMain] INFO  com.web.soft.SoftCoreApplication - The following 1 profile is active: "dev"
2025-04-29 16:34:03 [restartedMain] INFO  o.s.b.w.e.tomcat.TomcatWebServer - Tomcat initialized with port 8081 (http)
2025-04-29 16:34:03 [restartedMain] INFO  o.a.coyote.http11.Http11NioProtocol - Initializing ProtocolHandler ["http-nio-8081"]
2025-04-29 16:34:03 [restartedMain] INFO  o.a.catalina.core.StandardService - Starting service [Tomcat]
2025-04-29 16:34:03 [restartedMain] INFO  o.a.catalina.core.StandardEngine - Starting Servlet engine: [Apache Tomcat/10.1.39]
2025-04-29 16:34:03 [restartedMain] INFO  o.a.c.c.C.[Tomcat].[localhost].[/] - Initializing Spring embedded WebApplicationContext
2025-04-29 16:34:03 [restartedMain] INFO  o.s.b.w.s.c.ServletWebServerApplicationContext - Root WebApplicationContext: initialization completed in 149 ms
2025-04-29 16:34:04 [restartedMain] INFO  o.s.b.d.a.OptionalLiveReloadServer - LiveReload server is running on port 35729
2025-04-29 16:34:04 [restartedMain] INFO  o.s.b.a.e.web.EndpointLinksResolver - Exposing 1 endpoint beneath base path '/actuator'
2025-04-29 16:34:04 [restartedMain] INFO  o.a.coyote.http11.Http11NioProtocol - Starting ProtocolHandler ["http-nio-8081"]
2025-04-29 16:34:04 [restartedMain] INFO  o.s.b.w.e.tomcat.TomcatWebServer - Tomcat started on port 8081 (http) with context path '/'
2025-04-29 16:34:04 [restartedMain] INFO  com.web.soft.SoftCoreApplication - Started SoftCoreApplication in 0.282 seconds (process running for 314.416)
2025-04-29 16:34:04 [restartedMain] INFO  o.s.b.d.a.ConditionEvaluationDeltaLoggingListener - Condition evaluation unchanged
2025-04-29 16:34:48 [File Watcher] INFO  o.s.b.d.a.LocalDevToolsAutoConfiguration$RestartingClassPathChangeChangedEventListener - Restarting due to 8 class path changes (0 additions, 0 deletions, 8 modifications)
2025-04-29 16:34:48 [Thread-19] INFO  o.s.b.w.e.tomcat.GracefulShutdown - Commencing graceful shutdown. Waiting for active requests to complete
2025-04-29 16:34:48 [tomcat-shutdown] INFO  o.a.coyote.http11.Http11NioProtocol - Pausing ProtocolHandler ["http-nio-8081"]
2025-04-29 16:34:48 [tomcat-shutdown] INFO  o.s.b.w.e.tomcat.GracefulShutdown - Graceful shutdown complete
2025-04-29 16:34:48 [Thread-19] INFO  o.a.coyote.http11.Http11NioProtocol - Stopping ProtocolHandler ["http-nio-8081"]
2025-04-29 16:34:48 [restartedMain] INFO  o.s.boot.SpringApplication - 

  ____   ___  ____  _____
 / ___| / _ \| ___||_   _|
 \___ \| | | | |__   | |
  ___) | |_| | |     | |
 |____/ \___/| |     |_|


2025-04-29 16:34:48 [restartedMain] INFO  com.web.soft.SoftCoreApplication - Starting SoftCoreApplication using Java 20.0.2 with PID 1346 (/Users/hariduddukunta/MyWork/Workspace/GitHub/soft_core/soft_core_service/build/classes/java/main started by hariduddukunta in /Users/hariduddukunta/MyWork/Workspace/GitHub/soft_core/soft_core_service)
2025-04-29 16:34:48 [restartedMain] INFO  com.web.soft.SoftCoreApplication - The following 1 profile is active: "dev"
2025-04-29 16:34:49 [restartedMain] INFO  o.s.b.w.e.tomcat.TomcatWebServer - Tomcat initialized with port 8081 (http)
2025-04-29 16:34:49 [restartedMain] INFO  o.a.coyote.http11.Http11NioProtocol - Initializing ProtocolHandler ["http-nio-8081"]
2025-04-29 16:34:49 [restartedMain] INFO  o.a.catalina.core.StandardService - Starting service [Tomcat]
2025-04-29 16:34:49 [restartedMain] INFO  o.a.catalina.core.StandardEngine - Starting Servlet engine: [Apache Tomcat/10.1.39]
2025-04-29 16:34:49 [restartedMain] INFO  o.a.c.c.C.[Tomcat].[localhost].[/] - Initializing Spring embedded WebApplicationContext
2025-04-29 16:34:49 [restartedMain] INFO  o.s.b.w.s.c.ServletWebServerApplicationContext - Root WebApplicationContext: initialization completed in 155 ms
2025-04-29 16:34:49 [restartedMain] INFO  o.s.b.d.a.OptionalLiveReloadServer - LiveReload server is running on port 35729
2025-04-29 16:34:49 [restartedMain] INFO  o.s.b.a.e.web.EndpointLinksResolver - Exposing 1 endpoint beneath base path '/actuator'
2025-04-29 16:34:49 [restartedMain] INFO  o.a.coyote.http11.Http11NioProtocol - Starting ProtocolHandler ["http-nio-8081"]
2025-04-29 16:34:49 [restartedMain] INFO  o.s.b.w.e.tomcat.TomcatWebServer - Tomcat started on port 8081 (http) with context path '/'
2025-04-29 16:34:49 [restartedMain] INFO  com.web.soft.SoftCoreApplication - Started SoftCoreApplication in 0.282 seconds (process running for 359.569)
2025-04-29 16:34:49 [restartedMain] INFO  o.s.b.d.a.ConditionEvaluationDeltaLoggingListener - Condition evaluation unchanged
2025-04-29 17:05:02 [File Watcher] INFO  o.s.b.d.a.LocalDevToolsAutoConfiguration$RestartingClassPathChangeChangedEventListener - Restarting due to 1 class path change (0 additions, 0 deletions, 1 modification)
2025-04-29 17:05:02 [Thread-23] INFO  o.s.b.w.e.tomcat.GracefulShutdown - Commencing graceful shutdown. Waiting for active requests to complete
2025-04-29 17:05:02 [tomcat-shutdown] INFO  o.a.coyote.http11.Http11NioProtocol - Pausing ProtocolHandler ["http-nio-8081"]
2025-04-29 17:05:02 [tomcat-shutdown] INFO  o.s.b.w.e.tomcat.GracefulShutdown - Graceful shutdown complete
2025-04-29 17:05:02 [Thread-23] INFO  o.a.coyote.http11.Http11NioProtocol - Stopping ProtocolHandler ["http-nio-8081"]
2025-04-29 17:05:03 [restartedMain] INFO  o.s.boot.SpringApplication - 

  ____   ___  ____  _____
 / ___| / _ \| ___||_   _|
 \___ \| | | | |__   | |
  ___) | |_| | |     | |
 |____/ \___/| |     |_|


2025-04-29 17:05:03 [restartedMain] INFO  com.web.soft.SoftCoreApplication - Starting SoftCoreApplication using Java 20.0.2 with PID 1346 (/Users/hariduddukunta/MyWork/Workspace/GitHub/soft_core/soft_core_service/build/classes/java/main started by hariduddukunta in /Users/hariduddukunta/MyWork/Workspace/GitHub/soft_core/soft_core_service)
2025-04-29 17:05:03 [restartedMain] INFO  com.web.soft.SoftCoreApplication - The following 1 profile is active: "dev"
2025-04-29 17:05:03 [restartedMain] INFO  o.s.b.w.e.tomcat.TomcatWebServer - Tomcat initialized with port 8081 (http)
2025-04-29 17:05:03 [restartedMain] INFO  o.a.coyote.http11.Http11NioProtocol - Initializing ProtocolHandler ["http-nio-8081"]
2025-04-29 17:05:03 [restartedMain] INFO  o.a.catalina.core.StandardService - Starting service [Tomcat]
2025-04-29 17:05:03 [restartedMain] INFO  o.a.catalina.core.StandardEngine - Starting Servlet engine: [Apache Tomcat/10.1.39]
2025-04-29 17:05:03 [restartedMain] INFO  o.a.c.c.C.[Tomcat].[localhost].[/] - Initializing Spring embedded WebApplicationContext
2025-04-29 17:05:03 [restartedMain] INFO  o.s.b.w.s.c.ServletWebServerApplicationContext - Root WebApplicationContext: initialization completed in 213 ms
2025-04-29 17:05:03 [restartedMain] INFO  o.s.b.d.a.OptionalLiveReloadServer - LiveReload server is running on port 35729
2025-04-29 17:05:03 [restartedMain] INFO  o.s.b.a.e.web.EndpointLinksResolver - Exposing 1 endpoint beneath base path '/actuator'
2025-04-29 17:05:03 [restartedMain] INFO  o.a.coyote.http11.Http11NioProtocol - Starting ProtocolHandler ["http-nio-8081"]
2025-04-29 17:05:03 [restartedMain] INFO  o.s.b.w.e.tomcat.TomcatWebServer - Tomcat started on port 8081 (http) with context path '/'
2025-04-29 17:05:03 [restartedMain] INFO  com.web.soft.SoftCoreApplication - Started SoftCoreApplication in 0.364 seconds (process running for 1873.343)
2025-04-29 17:05:03 [restartedMain] INFO  o.s.b.d.a.ConditionEvaluationDeltaLoggingListener - Condition evaluation unchanged
2025-04-29 17:07:13 [File Watcher] INFO  o.s.b.d.a.LocalDevToolsAutoConfiguration$RestartingClassPathChangeChangedEventListener - Restarting due to 8 class path changes (0 additions, 0 deletions, 8 modifications)
2025-04-29 17:07:13 [Thread-27] INFO  o.s.b.w.e.tomcat.GracefulShutdown - Commencing graceful shutdown. Waiting for active requests to complete
2025-04-29 17:07:13 [tomcat-shutdown] INFO  o.a.coyote.http11.Http11NioProtocol - Pausing ProtocolHandler ["http-nio-8081"]
2025-04-29 17:07:13 [tomcat-shutdown] INFO  o.s.b.w.e.tomcat.GracefulShutdown - Graceful shutdown complete
2025-04-29 17:07:13 [Thread-27] INFO  o.a.coyote.http11.Http11NioProtocol - Stopping ProtocolHandler ["http-nio-8081"]
2025-04-29 17:07:13 [restartedMain] INFO  o.s.boot.SpringApplication - 

  ____   ___  ____  _____
 / ___| / _ \| ___||_   _|
 \___ \| | | | |__   | |
  ___) | |_| | |     | |
 |____/ \___/| |     |_|


2025-04-29 17:07:13 [restartedMain] INFO  com.web.soft.SoftCoreApplication - Starting SoftCoreApplication using Java 20.0.2 with PID 1346 (/Users/hariduddukunta/MyWork/Workspace/GitHub/soft_core/soft_core_service/build/classes/java/main started by hariduddukunta in /Users/hariduddukunta/MyWork/Workspace/GitHub/soft_core/soft_core_service)
2025-04-29 17:07:13 [restartedMain] INFO  com.web.soft.SoftCoreApplication - The following 1 profile is active: "dev"
2025-04-29 17:07:13 [restartedMain] INFO  o.s.b.w.e.tomcat.TomcatWebServer - Tomcat initialized with port 8081 (http)
2025-04-29 17:07:13 [restartedMain] INFO  o.a.coyote.http11.Http11NioProtocol - Initializing ProtocolHandler ["http-nio-8081"]
2025-04-29 17:07:13 [restartedMain] INFO  o.a.catalina.core.StandardService - Starting service [Tomcat]
2025-04-29 17:07:13 [restartedMain] INFO  o.a.catalina.core.StandardEngine - Starting Servlet engine: [Apache Tomcat/10.1.39]
2025-04-29 17:07:13 [restartedMain] INFO  o.a.c.c.C.[Tomcat].[localhost].[/] - Initializing Spring embedded WebApplicationContext
2025-04-29 17:07:13 [restartedMain] INFO  o.s.b.w.s.c.ServletWebServerApplicationContext - Root WebApplicationContext: initialization completed in 160 ms
2025-04-29 17:07:13 [restartedMain] INFO  o.s.b.d.a.OptionalLiveReloadServer - LiveReload server is running on port 35729
2025-04-29 17:07:13 [restartedMain] INFO  o.s.b.a.e.web.EndpointLinksResolver - Exposing 1 endpoint beneath base path '/actuator'
2025-04-29 17:07:13 [restartedMain] INFO  o.a.coyote.http11.Http11NioProtocol - Starting ProtocolHandler ["http-nio-8081"]
2025-04-29 17:07:13 [restartedMain] INFO  o.s.b.w.e.tomcat.TomcatWebServer - Tomcat started on port 8081 (http) with context path '/'
2025-04-29 17:07:13 [restartedMain] INFO  com.web.soft.SoftCoreApplication - Started SoftCoreApplication in 0.274 seconds (process running for 2003.326)
2025-04-29 17:07:13 [restartedMain] INFO  o.s.b.d.a.ConditionEvaluationDeltaLoggingListener - Condition evaluation unchanged
2025-04-29 17:07:57 [File Watcher] INFO  o.s.b.d.a.LocalDevToolsAutoConfiguration$RestartingClassPathChangeChangedEventListener - Restarting due to 8 class path changes (0 additions, 0 deletions, 8 modifications)
2025-04-29 17:07:57 [Thread-31] INFO  o.s.b.w.e.tomcat.GracefulShutdown - Commencing graceful shutdown. Waiting for active requests to complete
2025-04-29 17:07:57 [tomcat-shutdown] INFO  o.a.coyote.http11.Http11NioProtocol - Pausing ProtocolHandler ["http-nio-8081"]
2025-04-29 17:07:57 [tomcat-shutdown] INFO  o.s.b.w.e.tomcat.GracefulShutdown - Graceful shutdown complete
2025-04-29 17:07:57 [Thread-31] INFO  o.a.coyote.http11.Http11NioProtocol - Stopping ProtocolHandler ["http-nio-8081"]
2025-04-29 17:07:57 [restartedMain] INFO  o.s.boot.SpringApplication - 

  ____   ___  ____  _____
 / ___| / _ \| ___||_   _|
 \___ \| | | | |__   | |
  ___) | |_| | |     | |
 |____/ \___/| |     |_|


2025-04-29 17:07:57 [restartedMain] INFO  com.web.soft.SoftCoreApplication - Starting SoftCoreApplication using Java 20.0.2 with PID 1346 (/Users/hariduddukunta/MyWork/Workspace/GitHub/soft_core/soft_core_service/build/classes/java/main started by hariduddukunta in /Users/hariduddukunta/MyWork/Workspace/GitHub/soft_core/soft_core_service)
2025-04-29 17:07:57 [restartedMain] INFO  com.web.soft.SoftCoreApplication - The following 1 profile is active: "dev"
2025-04-29 17:07:57 [restartedMain] INFO  o.s.b.w.e.tomcat.TomcatWebServer - Tomcat initialized with port 8081 (http)
2025-04-29 17:07:57 [restartedMain] INFO  o.a.coyote.http11.Http11NioProtocol - Initializing ProtocolHandler ["http-nio-8081"]
2025-04-29 17:07:57 [restartedMain] INFO  o.a.catalina.core.StandardService - Starting service [Tomcat]
2025-04-29 17:07:57 [restartedMain] INFO  o.a.catalina.core.StandardEngine - Starting Servlet engine: [Apache Tomcat/10.1.39]
2025-04-29 17:07:57 [restartedMain] INFO  o.a.c.c.C.[Tomcat].[localhost].[/] - Initializing Spring embedded WebApplicationContext
2025-04-29 17:07:57 [restartedMain] INFO  o.s.b.w.s.c.ServletWebServerApplicationContext - Root WebApplicationContext: initialization completed in 160 ms
2025-04-29 17:07:57 [restartedMain] INFO  o.s.b.d.a.OptionalLiveReloadServer - LiveReload server is running on port 35729
2025-04-29 17:07:57 [restartedMain] INFO  o.s.b.a.e.web.EndpointLinksResolver - Exposing 1 endpoint beneath base path '/actuator'
2025-04-29 17:07:57 [restartedMain] INFO  o.a.coyote.http11.Http11NioProtocol - Starting ProtocolHandler ["http-nio-8081"]
2025-04-29 17:07:57 [restartedMain] INFO  o.s.b.w.e.tomcat.TomcatWebServer - Tomcat started on port 8081 (http) with context path '/'
2025-04-29 17:07:57 [restartedMain] INFO  com.web.soft.SoftCoreApplication - Started SoftCoreApplication in 0.274 seconds (process running for 2047.455)
2025-04-29 17:07:57 [restartedMain] INFO  o.s.b.d.a.ConditionEvaluationDeltaLoggingListener - Condition evaluation unchanged
2025-04-29 17:10:46 [File Watcher] INFO  o.s.b.d.a.LocalDevToolsAutoConfiguration$RestartingClassPathChangeChangedEventListener - Restarting due to 8 class path changes (0 additions, 0 deletions, 8 modifications)
2025-04-29 17:10:46 [Thread-35] INFO  o.s.b.w.e.tomcat.GracefulShutdown - Commencing graceful shutdown. Waiting for active requests to complete
2025-04-29 17:10:46 [tomcat-shutdown] INFO  o.a.coyote.http11.Http11NioProtocol - Pausing ProtocolHandler ["http-nio-8081"]
2025-04-29 17:10:46 [tomcat-shutdown] INFO  o.s.b.w.e.tomcat.GracefulShutdown - Graceful shutdown complete
2025-04-29 17:10:46 [Thread-35] INFO  o.a.coyote.http11.Http11NioProtocol - Stopping ProtocolHandler ["http-nio-8081"]
2025-04-29 17:10:46 [restartedMain] INFO  o.s.boot.SpringApplication - 

  ____   ___  ____  _____
 / ___| / _ \| ___||_   _|
 \___ \| | | | |__   | |
  ___) | |_| | |     | |
 |____/ \___/| |     |_|


2025-04-29 17:10:46 [restartedMain] INFO  com.web.soft.SoftCoreApplication - Starting SoftCoreApplication using Java 20.0.2 with PID 1346 (/Users/hariduddukunta/MyWork/Workspace/GitHub/soft_core/soft_core_service/build/classes/java/main started by hariduddukunta in /Users/hariduddukunta/MyWork/Workspace/GitHub/soft_core/soft_core_service)
2025-04-29 17:10:46 [restartedMain] INFO  com.web.soft.SoftCoreApplication - The following 1 profile is active: "dev"
2025-04-29 17:10:46 [restartedMain] INFO  o.s.b.w.e.tomcat.TomcatWebServer - Tomcat initialized with port 8081 (http)
2025-04-29 17:10:46 [restartedMain] INFO  o.a.coyote.http11.Http11NioProtocol - Initializing ProtocolHandler ["http-nio-8081"]
2025-04-29 17:10:46 [restartedMain] INFO  o.a.catalina.core.StandardService - Starting service [Tomcat]
2025-04-29 17:10:46 [restartedMain] INFO  o.a.catalina.core.StandardEngine - Starting Servlet engine: [Apache Tomcat/10.1.39]
2025-04-29 17:10:46 [restartedMain] INFO  o.a.c.c.C.[Tomcat].[localhost].[/] - Initializing Spring embedded WebApplicationContext
2025-04-29 17:10:46 [restartedMain] INFO  o.s.b.w.s.c.ServletWebServerApplicationContext - Root WebApplicationContext: initialization completed in 169 ms
2025-04-29 17:10:46 [restartedMain] INFO  o.s.b.d.a.OptionalLiveReloadServer - LiveReload server is running on port 35729
2025-04-29 17:10:46 [restartedMain] INFO  o.s.b.a.e.web.EndpointLinksResolver - Exposing 1 endpoint beneath base path '/actuator'
2025-04-29 17:10:46 [restartedMain] INFO  o.a.coyote.http11.Http11NioProtocol - Starting ProtocolHandler ["http-nio-8081"]
2025-04-29 17:10:46 [restartedMain] INFO  o.s.b.w.e.tomcat.TomcatWebServer - Tomcat started on port 8081 (http) with context path '/'
2025-04-29 17:10:46 [restartedMain] INFO  com.web.soft.SoftCoreApplication - Started SoftCoreApplication in 0.288 seconds (process running for 2216.917)
2025-04-29 17:10:46 [restartedMain] INFO  o.s.b.d.a.ConditionEvaluationDeltaLoggingListener - Condition evaluation unchanged
2025-04-29 17:24:43 [SpringApplicationShutdownHook] INFO  o.s.b.w.e.tomcat.GracefulShutdown - Commencing graceful shutdown. Waiting for active requests to complete
2025-04-29 17:24:43 [tomcat-shutdown] INFO  o.s.b.w.e.tomcat.GracefulShutdown - Graceful shutdown complete
